<?xml version="1.0" encoding="UTF-8"?>
<!-- Generated by org.testng.reporters.JUnitXMLReporter -->
<testsuite ignored="0" hostname="DESKTOP-K8HJ363" failures="0" tests="2" name="MYCABI account creation" time="52.367" errors="0" timestamp="2020-11-19T11:49:06 IST">
  <testcase classname="pra_package.My_cabi_account" name="account_creation" time="42.301"/>
  <testcase classname="pra_package.My_cabi_account" name="login_with_created_account" time="10.01"/>
</testsuite> <!-- MYCABI account creation -->
