<?xml version="1.0" encoding="UTF-8"?>
<!-- Generated by org.testng.reporters.JUnitXMLReporter -->
<testsuite ignored="0" hostname="DESKTOP-K8HJ363" failures="0" tests="3" name="MYCABI account creation" time="85.264" errors="0" timestamp="2020-12-02T11:45:20 IST">
  <testcase classname="pra_package.My_cabi_account" name="account_creation" time="40.137"/>
  <testcase classname="pra_package.My_cabi_account" name="login_with_created_account" time="18.91"/>
  <testcase classname="pra_package.My_cabi_account" name="mycabi_tab" time="26.142"/>
</testsuite> <!-- MYCABI account creation -->
