<?xml version="1.0" encoding="UTF-8"?>
<!-- Generated by org.testng.reporters.JUnitXMLReporter -->
<testsuite hostname="Shubham" ignored="0" name="Default test" tests="6" failures="0" timestamp="2020-12-03T17:31:29 IST" time="415.335" errors="0">
  <testcase name="title_verification" time="9.026" classname="pra_package.PRA_Home"/>
  <testcase name="login_Test" time="25.804" classname="pra_package.PRA_Home"/>
  <testcase name="pathway_creation" time="95.164" classname="pra_package.PRA_Home"/>
  <testcase name="risk_assessments" time="112.616" classname="pra_package.PRA_Home"/>
  <testcase name="actions" time="94.565" classname="pra_package.PRA_Home"/>
  <testcase name="pestrisk" time="78.105" classname="pra_package.PRA_Home"/>
</testsuite> <!-- Default test -->
