<?xml version="1.0" encoding="UTF-8"?>
<!-- Generated by org.testng.reporters.JUnitXMLReporter -->
<testsuite hostname="Shubham" ignored="0" name="Default test" tests="4" failures="0" timestamp="2020-11-24T12:58:58 IST" time="181.186" errors="0">
  <testcase name="title_verification" time="9.125" classname="pra_package.PRA_Home"/>
  <testcase name="login_Test" time="30.424" classname="pra_package.PRA_Home"/>
  <testcase name="pathway_creation" time="100.48" classname="pra_package.PRA_Home"/>
  <testcase name="risk_assessments" time="41.112" classname="pra_package.PRA_Home"/>
</testsuite> <!-- Default test -->
